[INFO ] 2022-05-17 12:52:40.0909 [main] CreateLog Successfully Hovered on login
[INFO ] 2022-05-17 12:52:43.0019 [main] CreateLog Successfully Hovered on login
[INFO ] 2022-05-17 12:52:49.0191 [main] CreateLog Successfully enterd email
[INFO ] 2022-05-17 12:52:51.0287 [main] CreateLog Successfully enterd password
[INFO ] 2022-05-17 12:52:54.0491 [main] CreateLog Successfully clicked on login
[INFO ] 2022-05-17 12:52:57.0259 [main] CreateLog Successfully sent text into search bar
[INFO ] 2022-05-17 12:53:00.0948 [main] CreateLog Successfully clicked on search icon and navigated to result page
[INFO ] 2022-05-17 12:53:05.0363 [main] CreateLog Successfully selected the item
[INFO ] 2022-05-17 12:53:18.0670 [main] CreateLog item added to cart
[INFO ] 2022-05-17 12:53:29.0036 [main] CreateLog successfully clicked on cart icon
[INFO ] 2022-05-17 12:53:31.0076 [main] CreateLog Item successfully verified in the cart
[INFO ] 2022-05-17 12:53:35.0400 [main] CreateLog Successfully Removed item from the cart 
[INFO ] 2022-05-17 12:53:36.0922 [main] CreateLog Successfully Hovered on Mattresses section in HomePage
[INFO ] 2022-05-17 12:53:43.0255 [main] CreateLog Successfully clicked on studytable
[INFO ] 2022-05-17 12:53:45.0391 [main] CreateLog added to wishlist
[INFO ] 2022-05-17 12:53:49.0235 [main] CreateLog Successfully clicked on wishlistIcon
[INFO ] 2022-05-17 12:53:51.0271 [main] CreateLog Item successfully verified in the wishlist
[INFO ] 2022-05-17 12:53:53.0363 [main] CreateLog Successfully removed item from wishlist
[INFO ] 2022-05-17 12:53:58.0164 [main] CreateLog Successfully clicked on beds in explore section
[INFO ] 2022-05-17 12:54:00.0206 [main] CreateLog Text is successfully verified in the explore section
[INFO ] 2022-05-17 12:54:04.0335 [main] CreateLog Succefully clicked on GiftCards
[INFO ] 2022-05-17 12:54:06.0366 [main] CreateLog Successfully verified gift card page
[INFO ] 2022-05-17 12:54:10.0027 [main] CreateLog Successfully clicked docker section
[INFO ] 2022-05-17 12:54:13.0219 [main] CreateLog Successfully clicked on wall mirror in decor dropdown 
[INFO ] 2022-05-17 12:54:15.0376 [main] CreateLog Successfully hovered on product1
[INFO ] 2022-05-17 12:54:17.0520 [main] CreateLog Successfully added product1 to compare
[INFO ] 2022-05-17 12:54:19.0668 [main] CreateLog Successfully hovered on product2
[INFO ] 2022-05-17 12:54:21.0898 [main] CreateLog Successfully added product1 to compare
[INFO ] 2022-05-17 12:54:24.0003 [main] CreateLog Sucessfully compared two products
[INFO ] 2022-05-17 12:54:28.0533 [main] CreateLog Successfully clicked on About Us
[INFO ] 2022-05-17 12:54:30.0568 [main] CreateLog Successfully verified About Us page
[INFO ] 2022-05-17 12:54:34.0523 [main] CreateLog Succefully clicked on Ship and Delivery
[INFO ] 2022-05-17 12:54:36.0560 [main] CreateLog Successfully verified ship and delivery page
[INFO ] 2022-05-17 20:00:23.0619 [main] CreateLog Successfully Hovered on login
[INFO ] 2022-05-17 20:00:25.0745 [main] CreateLog Successfully clicked on login
[INFO ] 2022-05-17 20:00:31.0918 [main] CreateLog Successfully enterd email
[INFO ] 2022-05-17 20:00:34.0013 [main] CreateLog Successfully enterd password
[INFO ] 2022-05-17 20:00:37.0058 [main] CreateLog Successfully clicked on login
[INFO ] 2022-05-17 20:00:39.0582 [main] CreateLog Successfully sent text into search bar
[INFO ] 2022-05-17 20:00:42.0745 [main] CreateLog Successfully clicked on search icon and navigated to result page
[INFO ] 2022-05-17 20:00:47.0029 [main] CreateLog Successfully selected the item
[INFO ] 2022-05-17 20:00:59.0071 [main] CreateLog item added to cart
[INFO ] 2022-05-17 20:01:08.0453 [main] CreateLog successfully clicked on cart icon
[INFO ] 2022-05-17 20:01:10.0488 [main] CreateLog Item successfully verified in the cart
[INFO ] 2022-05-17 20:01:14.0474 [main] CreateLog Successfully Removed item from the cart 
[INFO ] 2022-05-17 20:01:15.0758 [main] CreateLog Successfully Hovered on Mattresses section in HomePage
[INFO ] 2022-05-17 20:01:22.0418 [main] CreateLog Successfully clicked on studytable
[INFO ] 2022-05-17 20:01:24.0550 [main] CreateLog added to wishlist
[INFO ] 2022-05-17 20:01:28.0096 [main] CreateLog Successfully clicked on wishlistIcon
[INFO ] 2022-05-17 20:01:31.0740 [main] CreateLog Succefully clicked on GiftCards
[INFO ] 2022-05-17 20:01:33.0783 [main] CreateLog Successfully verified gift card page
[INFO ] 2022-05-17 20:01:37.0431 [main] CreateLog Successfully clicked docker section
[INFO ] 2022-05-17 20:01:40.0763 [main] CreateLog Successfully clicked on wall mirror in decor dropdown 
[INFO ] 2022-05-17 20:01:42.0937 [main] CreateLog Successfully hovered on product1
[INFO ] 2022-05-17 20:01:45.0142 [main] CreateLog Successfully added product1 to compare
[INFO ] 2022-05-17 20:01:47.0293 [main] CreateLog Successfully hovered on product2
[INFO ] 2022-05-17 20:01:49.0498 [main] CreateLog Successfully added product1 to compare
[INFO ] 2022-05-17 20:01:52.0738 [main] CreateLog Successfully clicked on About Us
[INFO ] 2022-05-17 20:01:55.0426 [main] CreateLog Succefully clicked on Ship and Delivery
[INFO ] 2022-05-17 20:01:57.0467 [main] CreateLog Successfully verified ship and delivery page
[INFO ] 2022-05-17 20:04:32.0676 [main] CreateLog Successfully Hovered on login
[INFO ] 2022-05-17 20:04:34.0806 [main] CreateLog Successfully clicked on login
[INFO ] 2022-05-17 20:04:41.0051 [main] CreateLog Successfully enterd email
[INFO ] 2022-05-17 20:04:43.0146 [main] CreateLog Successfully enterd password
[INFO ] 2022-05-17 20:04:46.0193 [main] CreateLog Successfully clicked on login
[INFO ] 2022-05-17 20:04:48.0655 [main] CreateLog Successfully sent text into search bar
[INFO ] 2022-05-17 20:04:52.0001 [main] CreateLog Successfully clicked on search icon and navigated to result page
[INFO ] 2022-05-17 20:04:56.0040 [main] CreateLog Successfully selected the item
[INFO ] 2022-05-17 20:05:09.0063 [main] CreateLog item added to cart
[INFO ] 2022-05-17 20:05:18.0415 [main] CreateLog successfully clicked on cart icon
[INFO ] 2022-05-17 20:05:20.0449 [main] CreateLog Item successfully verified in the cart
[INFO ] 2022-05-17 20:05:25.0056 [main] CreateLog Successfully Removed item from the cart 
[INFO ] 2022-05-17 20:05:26.0505 [main] CreateLog Successfully Hovered on Mattresses section in HomePage
[INFO ] 2022-05-17 20:05:32.0604 [main] CreateLog Successfully clicked on studytable
[INFO ] 2022-05-17 20:05:34.0752 [main] CreateLog added to wishlist
[INFO ] 2022-05-17 20:05:38.0340 [main] CreateLog Successfully clicked on wishlistIcon
[INFO ] 2022-05-17 20:05:40.0380 [main] CreateLog Item successfully verified in the wishlist
[INFO ] 2022-05-17 20:05:42.0471 [main] CreateLog Successfully removed item from wishlist
[INFO ] 2022-05-17 20:05:46.0287 [main] CreateLog Successfully clicked on beds in explore section
[INFO ] 2022-05-17 20:05:48.0359 [main] CreateLog Text is successfully verified in the explore section
[INFO ] 2022-05-17 20:05:52.0040 [main] CreateLog Succefully clicked on GiftCards
[INFO ] 2022-05-17 20:05:54.0080 [main] CreateLog Successfully verified gift card page
[INFO ] 2022-05-17 20:05:57.0487 [main] CreateLog Successfully clicked docker section
[INFO ] 2022-05-17 20:06:00.0494 [main] CreateLog Successfully clicked on wall mirror in decor dropdown 
[INFO ] 2022-05-17 20:06:02.0673 [main] CreateLog Successfully hovered on product1
[INFO ] 2022-05-17 20:06:04.0815 [main] CreateLog Successfully added product1 to compare
[INFO ] 2022-05-17 20:06:06.0963 [main] CreateLog Successfully hovered on product2
[INFO ] 2022-05-17 20:06:09.0191 [main] CreateLog Successfully added product1 to compare
[INFO ] 2022-05-17 20:06:12.0503 [main] CreateLog Successfully clicked on About Us
[INFO ] 2022-05-17 20:06:15.0694 [main] CreateLog Succefully clicked on Ship and Delivery
[INFO ] 2022-05-17 20:06:17.0731 [main] CreateLog Successfully verified ship and delivery page
[INFO ] 2022-05-17 20:10:06.0029 [main] CreateLog Successfully Hovered on login
[INFO ] 2022-05-17 20:10:08.0130 [main] CreateLog Successfully clicked on login
[INFO ] 2022-05-17 20:10:14.0299 [main] CreateLog Successfully enterd email
[INFO ] 2022-05-17 20:10:16.0391 [main] CreateLog Successfully enterd password
[INFO ] 2022-05-17 20:10:19.0418 [main] CreateLog Successfully clicked on login
[INFO ] 2022-05-17 20:10:21.0937 [main] CreateLog Successfully clicked docker section
[INFO ] 2022-05-17 20:10:24.0878 [main] CreateLog Successfully clicked on wall mirror in decor dropdown 
[INFO ] 2022-05-17 20:10:27.0038 [main] CreateLog Successfully hovered on product1
[INFO ] 2022-05-17 20:10:48.0934 [main] CreateLog Successfully Hovered on login
[INFO ] 2022-05-17 20:10:51.0051 [main] CreateLog Successfully clicked on login
[INFO ] 2022-05-17 20:10:57.0210 [main] CreateLog Successfully enterd email
[INFO ] 2022-05-17 20:10:59.0304 [main] CreateLog Successfully enterd password
[INFO ] 2022-05-17 20:11:02.0658 [main] CreateLog Successfully clicked on login
[INFO ] 2022-05-17 20:11:05.0115 [main] CreateLog Successfully clicked docker section
[INFO ] 2022-05-17 20:11:08.0059 [main] CreateLog Successfully clicked on wall mirror in decor dropdown 
[INFO ] 2022-05-17 20:11:10.0241 [main] CreateLog Successfully hovered on product1
[INFO ] 2022-05-17 20:11:12.0371 [main] CreateLog Successfully added product1 to compare
[INFO ] 2022-05-17 20:11:14.0521 [main] CreateLog Successfully hovered on product2
[INFO ] 2022-05-17 20:11:16.0739 [main] CreateLog Successfully added product1 to compare
[INFO ] 2022-05-17 20:12:48.0672 [main] CreateLog Successfully Hovered on login
[INFO ] 2022-05-17 20:12:50.0790 [main] CreateLog Successfully clicked on login
[INFO ] 2022-05-17 20:12:56.0956 [main] CreateLog Successfully enterd email
[INFO ] 2022-05-17 20:12:59.0050 [main] CreateLog Successfully enterd password
[INFO ] 2022-05-17 20:13:02.0101 [main] CreateLog Successfully clicked on login
[INFO ] 2022-05-17 20:13:04.0549 [main] CreateLog Successfully sent text into search bar
[INFO ] 2022-05-17 20:13:07.0758 [main] CreateLog Successfully clicked on search icon and navigated to result page
[INFO ] 2022-05-17 20:13:11.0884 [main] CreateLog Successfully selected the item
[INFO ] 2022-05-17 20:13:25.0110 [main] CreateLog item added to cart
[INFO ] 2022-05-17 20:13:34.0435 [main] CreateLog successfully clicked on cart icon
[INFO ] 2022-05-17 20:13:36.0472 [main] CreateLog Item successfully verified in the cart
[INFO ] 2022-05-17 20:13:40.0416 [main] CreateLog Successfully Removed item from the cart 
[INFO ] 2022-05-17 20:13:41.0808 [main] CreateLog Successfully Hovered on Mattresses section in HomePage
[INFO ] 2022-05-17 20:13:48.0359 [main] CreateLog Successfully clicked on studytable
[INFO ] 2022-05-17 20:13:50.0551 [main] CreateLog added to wishlist
[INFO ] 2022-05-17 20:13:54.0301 [main] CreateLog Successfully clicked on wishlistIcon
[INFO ] 2022-05-17 20:13:56.0336 [main] CreateLog Item successfully verified in the wishlist
[INFO ] 2022-05-17 20:13:58.0430 [main] CreateLog Successfully removed item from wishlist
[INFO ] 2022-05-17 20:14:02.0384 [main] CreateLog Successfully clicked on beds in explore section
[INFO ] 2022-05-17 20:14:04.0427 [main] CreateLog Text is successfully verified in the explore section
[INFO ] 2022-05-17 20:14:08.0323 [main] CreateLog Succefully clicked on GiftCards
[INFO ] 2022-05-17 20:14:10.0355 [main] CreateLog Successfully verified gift card page
[INFO ] 2022-05-17 20:14:14.0594 [main] CreateLog Successfully clicked on About Us
[INFO ] 2022-05-17 20:14:16.0631 [main] CreateLog Successfully verified About Us page
[INFO ] 2022-05-17 20:14:20.0633 [main] CreateLog Succefully clicked on Ship and Delivery
[INFO ] 2022-05-17 20:14:22.0664 [main] CreateLog Successfully verified ship and delivery page
[INFO ] 2022-05-18 06:55:17.0506 [main] CreateLog Successfully Hovered on login
[INFO ] 2022-05-18 06:55:19.0604 [main] CreateLog Successfully clicked on login
[INFO ] 2022-05-18 06:55:25.0764 [main] CreateLog Successfully enterd email
[INFO ] 2022-05-18 06:55:27.0940 [main] CreateLog Successfully enterd password
[INFO ] 2022-05-18 06:55:31.0134 [main] CreateLog Successfully clicked on login
[INFO ] 2022-05-18 06:55:33.0905 [main] CreateLog Successfully sent text into search bar
[INFO ] 2022-05-18 06:55:37.0367 [main] CreateLog Successfully clicked on search icon and navigated to result page
[INFO ] 2022-05-18 06:55:42.0529 [main] CreateLog Successfully selected the item
[INFO ] 2022-05-18 06:55:56.0875 [main] CreateLog item added to cart
[INFO ] 2022-05-18 06:56:07.0939 [main] CreateLog successfully clicked on cart icon
[INFO ] 2022-05-18 06:56:09.0985 [main] CreateLog Item successfully verified in the cart
[INFO ] 2022-05-18 06:56:14.0528 [main] CreateLog Successfully Removed item from the cart 
[INFO ] 2022-05-18 06:56:15.0741 [main] CreateLog Successfully Hovered on studys section in HomePage
[INFO ] 2022-05-18 06:56:22.0787 [main] CreateLog Successfully clicked on studytable
[INFO ] 2022-05-18 06:56:24.0924 [main] CreateLog added to wishlist
[INFO ] 2022-05-18 06:56:30.0445 [main] CreateLog Successfully clicked on wishlistIcon
[INFO ] 2022-05-18 06:56:32.0737 [main] CreateLog Item successfully verified in the wishlist
[INFO ] 2022-05-18 06:56:36.0809 [main] CreateLog Successfully removed item from wishlist
[INFO ] 2022-05-18 06:56:49.0156 [main] CreateLog Successfully clicked on beds in explore section
[INFO ] 2022-05-18 06:56:51.0638 [main] CreateLog Text is successfully verified in the explore section
[INFO ] 2022-05-18 06:57:11.0425 [main] CreateLog Succefully clicked on GiftCards
[INFO ] 2022-05-18 06:57:13.0662 [main] CreateLog Successfully verified gift card page
[INFO ] 2022-05-18 06:57:25.0029 [main] CreateLog Successfully clicked on About Us
[INFO ] 2022-05-18 06:57:27.0237 [main] CreateLog Successfully verified About Us page
[INFO ] 2022-05-18 06:57:36.0342 [main] CreateLog Succefully clicked on Ship and Delivery
[INFO ] 2022-05-18 06:57:38.0603 [main] CreateLog Successfully verified ship and delivery page
[INFO ] 2022-05-18 07:00:06.0978 [main] CreateLog Successfully Hovered on login
[INFO ] 2022-05-18 07:00:09.0073 [main] CreateLog Successfully clicked on login
[INFO ] 2022-05-18 07:00:15.0315 [main] CreateLog Successfully enterd email
[INFO ] 2022-05-18 07:00:17.0476 [main] CreateLog Successfully enterd password
[INFO ] 2022-05-18 07:00:21.0162 [main] CreateLog Successfully clicked on login
[INFO ] 2022-05-18 07:00:23.0919 [main] CreateLog Successfully sent text into search bar
[INFO ] 2022-05-18 07:00:27.0483 [main] CreateLog Successfully clicked on search icon and navigated to result page
[INFO ] 2022-05-18 07:00:33.0022 [main] CreateLog Successfully selected the item
[INFO ] 2022-05-18 07:00:48.0736 [main] CreateLog item added to cart
[INFO ] 2022-05-18 07:00:59.0088 [main] CreateLog successfully clicked on cart icon
[INFO ] 2022-05-18 07:01:01.0121 [main] CreateLog Item successfully verified in the cart
[INFO ] 2022-05-18 07:01:06.0877 [main] CreateLog Successfully Removed item from the cart 
[INFO ] 2022-05-18 07:01:08.0214 [main] CreateLog Successfully Hovered on studys section in HomePage
[INFO ] 2022-05-18 07:01:14.0387 [main] CreateLog Successfully clicked on studytable
[INFO ] 2022-05-18 07:01:16.0539 [main] CreateLog added to wishlist
[INFO ] 2022-05-18 07:01:20.0367 [main] CreateLog Successfully clicked on wishlistIcon
[INFO ] 2022-05-18 07:01:22.0401 [main] CreateLog Item successfully verified in the wishlist
[INFO ] 2022-05-18 07:01:24.0487 [main] CreateLog Successfully removed item from wishlist
[INFO ] 2022-05-18 07:01:28.0861 [main] CreateLog Successfully clicked on beds in explore section
[INFO ] 2022-05-18 07:01:30.0895 [main] CreateLog Text is successfully verified in the explore section
[INFO ] 2022-05-18 07:01:36.0042 [main] CreateLog Succefully clicked on GiftCards
[INFO ] 2022-05-18 07:01:38.0074 [main] CreateLog Successfully verified gift card page
[INFO ] 2022-05-18 07:01:42.0275 [main] CreateLog Successfully clicked docker section
[INFO ] 2022-05-18 07:01:45.0574 [main] CreateLog Successfully clicked on wall mirror in decor dropdown 
[INFO ] 2022-05-18 07:01:47.0723 [main] CreateLog Successfully hovered on product1
[INFO ] 2022-05-18 07:01:49.0867 [main] CreateLog Successfully added product1 to compare
[INFO ] 2022-05-18 07:01:52.0020 [main] CreateLog Successfully hovered on product2
[INFO ] 2022-05-18 07:01:54.0210 [main] CreateLog Successfully added product1 to compare
[INFO ] 2022-05-18 07:01:56.0308 [main] CreateLog Sucessfully compared two products
[INFO ] 2022-05-18 07:02:00.0115 [main] CreateLog Successfully clicked on About Us
[INFO ] 2022-05-18 07:02:02.0152 [main] CreateLog Successfully verified About Us page
[INFO ] 2022-05-18 07:02:05.0922 [main] CreateLog Succefully clicked on Ship and Delivery
[INFO ] 2022-05-18 07:02:07.0956 [main] CreateLog Successfully verified ship and delivery page
[INFO ] 2022-05-18 14:20:32.0245 [main] CreateLog Successfully Hovered on login
[INFO ] 2022-05-18 14:20:34.0367 [main] CreateLog Successfully clicked on login
[INFO ] 2022-05-18 14:20:40.0681 [main] CreateLog Successfully enterd email
[INFO ] 2022-05-18 14:20:42.0779 [main] CreateLog Successfully enterd password
[INFO ] 2022-05-18 14:20:45.0899 [main] CreateLog Successfully clicked on login
[INFO ] 2022-05-18 14:20:48.0383 [main] CreateLog Successfully sent text into search bar
[INFO ] 2022-05-18 14:20:51.0859 [main] CreateLog Successfully clicked on search icon and navigated to result page
[INFO ] 2022-05-18 14:20:56.0049 [main] CreateLog Successfully selected the item
[INFO ] 2022-05-18 14:21:09.0097 [main] CreateLog item added to cart
[INFO ] 2022-05-18 14:21:18.0952 [main] CreateLog successfully clicked on cart icon
[INFO ] 2022-05-18 14:21:20.0996 [main] CreateLog Item successfully verified in the cart
[INFO ] 2022-05-18 14:21:25.0262 [main] CreateLog Successfully Removed item from the cart 
[INFO ] 2022-05-18 14:21:26.0436 [main] CreateLog Successfully Hovered on studys section in HomePage
[INFO ] 2022-05-18 14:21:32.0830 [main] CreateLog Successfully clicked on studytable
[INFO ] 2022-05-18 14:21:34.0931 [main] CreateLog added to wishlist
[INFO ] 2022-05-18 14:21:38.0819 [main] CreateLog Successfully clicked on wishlistIcon
[INFO ] 2022-05-18 14:21:40.0861 [main] CreateLog Item successfully verified in the wishlist
[INFO ] 2022-05-18 14:21:42.0969 [main] CreateLog Successfully removed item from wishlist
[INFO ] 2022-05-18 14:21:46.0907 [main] CreateLog Successfully clicked on beds in explore section
[INFO ] 2022-05-18 14:21:48.0951 [main] CreateLog Text is successfully verified in the explore section
[INFO ] 2022-05-18 14:21:55.0503 [main] CreateLog Succefully clicked on GiftCards
[INFO ] 2022-05-18 14:21:57.0534 [main] CreateLog Successfully verified gift card page
[INFO ] 2022-05-18 14:22:01.0197 [main] CreateLog Successfully clicked docker section
[INFO ] 2022-05-18 14:22:05.0977 [main] CreateLog Successfully clicked on wall mirror in decor dropdown 
[INFO ] 2022-05-18 14:22:08.0126 [main] CreateLog Successfully hovered on product1
[INFO ] 2022-05-18 14:22:10.0283 [main] CreateLog Successfully added product1 to compare
[INFO ] 2022-05-18 14:22:12.0432 [main] CreateLog Successfully hovered on product2
[INFO ] 2022-05-18 14:22:14.0637 [main] CreateLog Successfully added product1 to compare
[INFO ] 2022-05-18 14:22:19.0077 [main] CreateLog Successfully clicked on About Us
[INFO ] 2022-05-18 14:22:21.0172 [main] CreateLog Successfully verified About Us page
[INFO ] 2022-05-18 14:22:24.0926 [main] CreateLog Succefully clicked on Ship and Delivery
[INFO ] 2022-05-18 14:22:26.0961 [main] CreateLog Successfully verified ship and delivery page
[INFO ] 2022-05-19 08:19:55.0903 [main] CreateLog Successfully Hovered on login
[INFO ] 2022-05-19 08:19:58.0014 [main] CreateLog Successfully clicked on login
[INFO ] 2022-05-19 08:20:04.0186 [main] CreateLog Successfully enterd email
[INFO ] 2022-05-19 08:20:06.0286 [main] CreateLog Successfully enterd password
[INFO ] 2022-05-19 08:20:09.0461 [main] CreateLog Successfully clicked on login
[INFO ] 2022-05-19 08:20:11.0923 [main] CreateLog Successfully sent text into search bar
[INFO ] 2022-05-19 08:20:15.0413 [main] CreateLog Successfully clicked on search icon and navigated to result page
[INFO ] 2022-05-19 08:20:20.0323 [main] CreateLog Successfully selected the item
[INFO ] 2022-05-19 08:20:33.0517 [main] CreateLog item added to cart
[INFO ] 2022-05-19 08:20:42.0908 [main] CreateLog successfully clicked on cart icon
[INFO ] 2022-05-19 08:20:44.0947 [main] CreateLog Item successfully verified in the cart
[INFO ] 2022-05-19 08:20:50.0572 [main] CreateLog Successfully Removed item from the cart 
[INFO ] 2022-05-19 08:20:51.0857 [main] CreateLog Successfully Hovered on studys section in HomePage
[INFO ] 2022-05-19 08:20:58.0643 [main] CreateLog Successfully clicked on studytable
[INFO ] 2022-05-19 08:21:00.0750 [main] CreateLog added to wishlist
[INFO ] 2022-05-19 08:21:04.0827 [main] CreateLog Successfully clicked on wishlistIcon
[INFO ] 2022-05-19 08:21:06.0870 [main] CreateLog Item successfully verified in the wishlist
[INFO ] 2022-05-19 08:21:09.0034 [main] CreateLog Successfully removed item from wishlist
[INFO ] 2022-05-19 08:21:13.0145 [main] CreateLog Successfully clicked on beds in explore section
[INFO ] 2022-05-19 08:21:15.0183 [main] CreateLog Text is successfully verified in the explore section
[INFO ] 2022-05-19 08:21:19.0713 [main] CreateLog Succefully clicked on GiftCards
[INFO ] 2022-05-19 08:21:21.0753 [main] CreateLog Successfully verified gift card page
[INFO ] 2022-05-19 08:21:25.0153 [main] CreateLog Successfully clicked docker section
[INFO ] 2022-05-19 08:21:28.0247 [main] CreateLog Successfully clicked on wall mirror in decor dropdown 
[INFO ] 2022-05-19 08:21:30.0405 [main] CreateLog Successfully hovered on product1
[INFO ] 2022-05-19 08:21:32.0579 [main] CreateLog Successfully added product1 to compare
[INFO ] 2022-05-19 08:21:34.0731 [main] CreateLog Successfully hovered on product2
[INFO ] 2022-05-19 08:21:36.0941 [main] CreateLog Successfully added product1 to compare
[INFO ] 2022-05-19 08:21:40.0233 [main] CreateLog Successfully clicked on About Us
[INFO ] 2022-05-19 08:21:43.0460 [main] CreateLog Succefully clicked on Ship and Delivery
[INFO ] 2022-05-19 08:21:45.0498 [main] CreateLog Successfully verified ship and delivery page
