[INFO ] 2022-05-17 09:48:00.0743 [main] CreateLog Successfully Hovered on login
[INFO ] 2022-05-17 09:48:02.0910 [main] CreateLog Successfully Hovered on login
[INFO ] 2022-05-17 09:48:09.0176 [main] CreateLog Successfully enterd email
[INFO ] 2022-05-17 09:48:11.0282 [main] CreateLog Successfully enterd password
[INFO ] 2022-05-17 09:48:15.0389 [main] CreateLog Successfully clicked on login
[INFO ] 2022-05-17 09:59:43.0755 [main] CreateLog Successfully Hovered on login
[INFO ] 2022-05-17 09:59:45.0857 [main] CreateLog Successfully Hovered on login
[INFO ] 2022-05-17 09:59:52.0027 [main] CreateLog Successfully enterd email
[INFO ] 2022-05-17 09:59:54.0132 [main] CreateLog Successfully enterd password
[INFO ] 2022-05-17 09:59:57.0262 [main] CreateLog Successfully clicked on login
[INFO ] 2022-05-17 10:02:28.0456 [main] CreateLog Successfully Hovered on login
[INFO ] 2022-05-17 10:02:30.0559 [main] CreateLog Successfully Hovered on login
[INFO ] 2022-05-17 10:02:36.0750 [main] CreateLog Successfully enterd email
[INFO ] 2022-05-17 10:02:38.0844 [main] CreateLog Successfully enterd password
[INFO ] 2022-05-17 10:02:41.0951 [main] CreateLog Successfully clicked on login
[INFO ] 2022-05-17 10:14:02.0206 [main] CreateLog Successfully Hovered on login
[INFO ] 2022-05-17 10:14:04.0382 [main] CreateLog Successfully Hovered on login
[INFO ] 2022-05-17 10:14:10.0617 [main] CreateLog Successfully enterd email
[INFO ] 2022-05-17 10:14:12.0729 [main] CreateLog Successfully enterd password
[INFO ] 2022-05-17 10:14:15.0916 [main] CreateLog Successfully clicked on login
[INFO ] 2022-05-17 10:15:39.0939 [main] CreateLog Successfully Hovered on login
[INFO ] 2022-05-17 10:15:42.0046 [main] CreateLog Successfully Hovered on login
[INFO ] 2022-05-17 10:15:48.0239 [main] CreateLog Successfully enterd email
[INFO ] 2022-05-17 10:15:50.0343 [main] CreateLog Successfully enterd password
[INFO ] 2022-05-17 10:15:53.0780 [main] CreateLog Successfully clicked on login
[INFO ] 2022-05-17 10:16:59.0978 [main] CreateLog Successfully Hovered on login
[INFO ] 2022-05-17 10:17:02.0123 [main] CreateLog Successfully Hovered on login
[INFO ] 2022-05-17 10:17:08.0298 [main] CreateLog Successfully enterd email
[INFO ] 2022-05-17 10:17:10.0402 [main] CreateLog Successfully enterd password
[INFO ] 2022-05-17 10:17:13.0474 [main] CreateLog Successfully clicked on login
[INFO ] 2022-05-17 14:22:34.0482 [main] CreateLog Successfully Hovered on login
[INFO ] 2022-05-17 14:22:36.0600 [main] CreateLog Successfully Hovered on login
[INFO ] 2022-05-17 14:22:42.0782 [main] CreateLog Successfully enterd email
[INFO ] 2022-05-17 14:22:44.0897 [main] CreateLog Successfully enterd password
[INFO ] 2022-05-17 14:22:48.0739 [main] CreateLog Successfully clicked on login
[INFO ] 2022-05-17 14:36:47.0169 [main] CreateLog Successfully Hovered on login
[INFO ] 2022-05-17 14:36:49.0276 [main] CreateLog Successfully Hovered on login
[INFO ] 2022-05-17 14:36:55.0457 [main] CreateLog Successfully enterd email
[INFO ] 2022-05-17 14:36:57.0577 [main] CreateLog Successfully enterd password
[INFO ] 2022-05-17 14:37:00.0840 [main] CreateLog Successfully clicked on login
[INFO ] 2022-05-17 16:54:58.0681 [main] CreateLog Successfully Hovered on login
[INFO ] 2022-05-17 16:55:00.0811 [main] CreateLog Successfully Hovered on login
[INFO ] 2022-05-17 16:55:06.0974 [main] CreateLog Successfully enterd email
[INFO ] 2022-05-17 16:55:09.0110 [main] CreateLog Successfully enterd password
[INFO ] 2022-05-17 16:55:12.0341 [main] CreateLog Successfully clicked on login
[INFO ] 2022-05-17 17:04:46.0868 [main] CreateLog Successfully Hovered on login
[INFO ] 2022-05-17 17:04:48.0973 [main] CreateLog Successfully Hovered on login
[INFO ] 2022-05-17 17:04:55.0158 [main] CreateLog Successfully enterd email
[INFO ] 2022-05-17 17:04:57.0260 [main] CreateLog Successfully enterd password
[INFO ] 2022-05-17 17:05:00.0351 [main] CreateLog Successfully clicked on login
[INFO ] 2022-05-17 17:05:02.0794 [main] CreateLog Successfully sent text into search bar
[INFO ] 2022-05-17 17:06:24.0905 [main] CreateLog Successfully Hovered on login
[INFO ] 2022-05-17 17:06:27.0014 [main] CreateLog Successfully Hovered on login
[INFO ] 2022-05-17 17:06:33.0173 [main] CreateLog Successfully enterd email
[INFO ] 2022-05-17 17:06:35.0286 [main] CreateLog Successfully enterd password
[INFO ] 2022-05-17 17:06:38.0301 [main] CreateLog Successfully clicked on login
[INFO ] 2022-05-17 17:06:40.0765 [main] CreateLog Successfully sent text into search bar
[INFO ] 2022-05-17 17:08:16.0343 [main] CreateLog Successfully Hovered on login
[INFO ] 2022-05-17 17:08:18.0458 [main] CreateLog Successfully Hovered on login
[INFO ] 2022-05-17 17:08:24.0626 [main] CreateLog Successfully enterd email
[INFO ] 2022-05-17 17:08:26.0732 [main] CreateLog Successfully enterd password
[INFO ] 2022-05-17 17:08:29.0754 [main] CreateLog Successfully clicked on login
[INFO ] 2022-05-17 17:08:32.0216 [main] CreateLog Successfully sent text into search bar
[INFO ] 2022-05-17 17:43:12.0769 [main] CreateLog Successfully Hovered on login
[INFO ] 2022-05-17 17:43:14.0870 [main] CreateLog Successfully Hovered on login
[INFO ] 2022-05-17 17:43:21.0054 [main] CreateLog Successfully enterd email
[INFO ] 2022-05-17 17:43:23.0159 [main] CreateLog Successfully enterd password
[INFO ] 2022-05-17 17:43:26.0223 [main] CreateLog Successfully clicked on login
[INFO ] 2022-05-17 17:43:28.0705 [main] CreateLog Successfully sent text into search bar
[INFO ] 2022-05-17 17:44:37.0633 [main] CreateLog Successfully Hovered on login
[INFO ] 2022-05-17 17:45:08.0683 [main] CreateLog Successfully Hovered on login
[INFO ] 2022-05-17 17:45:10.0797 [main] CreateLog Successfully Hovered on login
[INFO ] 2022-05-17 17:45:16.0967 [main] CreateLog Successfully enterd email
[INFO ] 2022-05-17 17:45:19.0073 [main] CreateLog Successfully enterd password
[INFO ] 2022-05-17 17:45:22.0775 [main] CreateLog Successfully clicked on login
[INFO ] 2022-05-17 17:45:25.0266 [main] CreateLog Successfully sent text into search bar
[INFO ] 2022-05-17 17:56:15.0262 [main] CreateLog Successfully Hovered on login
[INFO ] 2022-05-17 17:56:17.0377 [main] CreateLog Successfully Hovered on login
[INFO ] 2022-05-17 17:56:23.0665 [main] CreateLog Successfully enterd email
[INFO ] 2022-05-17 17:56:25.0794 [main] CreateLog Successfully enterd password
[INFO ] 2022-05-17 17:56:28.0920 [main] CreateLog Successfully clicked on login
[INFO ] 2022-05-17 18:05:46.0547 [main] CreateLog Successfully Hovered on login
[INFO ] 2022-05-17 18:05:48.0656 [main] CreateLog Successfully Hovered on login
[INFO ] 2022-05-17 18:05:54.0834 [main] CreateLog Successfully enterd email
[INFO ] 2022-05-17 18:05:56.0946 [main] CreateLog Successfully enterd password
[INFO ] 2022-05-17 18:06:00.0411 [main] CreateLog Successfully clicked on login
[INFO ] 2022-05-17 18:06:06.0180 [main] CreateLog Successfully Hovered on login
[INFO ] 2022-05-17 18:06:08.0288 [main] CreateLog Successfully Hovered on login
[INFO ] 2022-05-17 18:06:14.0580 [main] CreateLog Successfully enterd email
[INFO ] 2022-05-17 18:06:16.0815 [main] CreateLog Successfully enterd password
[INFO ] 2022-05-17 18:06:20.0040 [main] CreateLog Successfully clicked on login
[INFO ] 2022-05-17 18:23:03.0891 [main] CreateLog Successfully Hovered on login
[INFO ] 2022-05-17 18:23:05.0993 [main] CreateLog Successfully Hovered on login
[INFO ] 2022-05-17 18:23:12.0156 [main] CreateLog Successfully enterd email
[INFO ] 2022-05-17 18:23:14.0269 [main] CreateLog Successfully enterd password
[INFO ] 2022-05-17 18:23:17.0395 [main] CreateLog Successfully clicked on login
[INFO ] 2022-05-17 18:25:53.0422 [main] CreateLog Successfully Hovered on login
[INFO ] 2022-05-17 18:25:55.0534 [main] CreateLog Successfully Hovered on login
[INFO ] 2022-05-17 18:26:01.0719 [main] CreateLog Successfully enterd email
[INFO ] 2022-05-17 18:26:03.0830 [main] CreateLog Successfully enterd password
[INFO ] 2022-05-17 18:26:06.0885 [main] CreateLog Successfully clicked on login
[INFO ] 2022-05-17 18:26:12.0134 [main] CreateLog Successfully sent text into search bar
[INFO ] 2022-05-17 18:26:15.0607 [main] CreateLog Successfully clicked on search icon and navigated to result page
[INFO ] 2022-05-17 18:26:20.0316 [main] CreateLog Successfully selected the item
[INFO ] 2022-05-17 18:28:22.0235 [main] CreateLog Successfully Hovered on login
[INFO ] 2022-05-17 18:28:24.0341 [main] CreateLog Successfully Hovered on login
[INFO ] 2022-05-17 18:28:30.0512 [main] CreateLog Successfully enterd email
[INFO ] 2022-05-17 18:28:32.0621 [main] CreateLog Successfully enterd password
[INFO ] 2022-05-17 18:28:35.0635 [main] CreateLog Successfully clicked on login
[INFO ] 2022-05-17 18:28:40.0881 [main] CreateLog Successfully sent text into search bar
[INFO ] 2022-05-17 18:28:44.0311 [main] CreateLog Successfully clicked on search icon and navigated to result page
[INFO ] 2022-05-17 18:28:48.0533 [main] CreateLog Successfully selected the item
[INFO ] 2022-05-17 18:30:01.0149 [main] CreateLog Successfully Hovered on login
[INFO ] 2022-05-17 18:30:03.0253 [main] CreateLog Successfully Hovered on login
[INFO ] 2022-05-17 18:30:09.0501 [main] CreateLog Successfully enterd email
[INFO ] 2022-05-17 18:30:11.0638 [main] CreateLog Successfully enterd password
[INFO ] 2022-05-17 18:30:15.0017 [main] CreateLog Successfully clicked on login
[INFO ] 2022-05-17 18:30:20.0368 [main] CreateLog Successfully Hovered on login
[INFO ] 2022-05-17 18:30:22.0490 [main] CreateLog Successfully Hovered on login
[INFO ] 2022-05-17 18:30:28.0662 [main] CreateLog Successfully enterd email
[INFO ] 2022-05-17 18:30:30.0782 [main] CreateLog Successfully enterd password
[INFO ] 2022-05-17 18:30:33.0832 [main] CreateLog Successfully clicked on login
[INFO ] 2022-05-17 18:30:35.0933 [main] CreateLog Successfully sent text into search bar
[INFO ] 2022-05-17 18:30:39.0563 [main] CreateLog Successfully clicked on search icon and navigated to result page
[INFO ] 2022-05-17 18:30:44.0350 [main] CreateLog Successfully selected the item
[INFO ] 2022-05-17 18:30:56.0760 [main] CreateLog item added to cart
[INFO ] 2022-05-17 18:43:35.0348 [main] CreateLog Successfully Hovered on login
[INFO ] 2022-05-17 18:43:37.0464 [main] CreateLog Successfully Hovered on login
[INFO ] 2022-05-17 18:43:43.0643 [main] CreateLog Successfully enterd email
[INFO ] 2022-05-17 18:43:45.0744 [main] CreateLog Successfully enterd password
[INFO ] 2022-05-17 18:43:48.0776 [main] CreateLog Successfully clicked on login
[INFO ] 2022-05-17 18:43:54.0317 [main] CreateLog Successfully Hovered on login
[INFO ] 2022-05-17 18:43:56.0428 [main] CreateLog Successfully Hovered on login
[INFO ] 2022-05-17 18:44:02.0606 [main] CreateLog Successfully enterd email
[INFO ] 2022-05-17 18:44:04.0771 [main] CreateLog Successfully enterd password
[INFO ] 2022-05-17 18:44:07.0771 [main] CreateLog Successfully clicked on login
[INFO ] 2022-05-17 18:44:09.0878 [main] CreateLog Successfully sent text into search bar
[INFO ] 2022-05-17 18:44:12.0943 [main] CreateLog Successfully clicked on search icon and navigated to result page
[INFO ] 2022-05-17 18:44:17.0850 [main] CreateLog Successfully selected the item
[INFO ] 2022-05-17 18:44:30.0691 [main] CreateLog item added to cart
[INFO ] 2022-05-17 18:44:41.0748 [main] CreateLog Successfully Hovered on login
[INFO ] 2022-05-17 18:44:43.0855 [main] CreateLog Successfully Hovered on login
[INFO ] 2022-05-17 18:44:50.0015 [main] CreateLog Successfully enterd email
[INFO ] 2022-05-17 18:44:52.0130 [main] CreateLog Successfully enterd password
[INFO ] 2022-05-17 18:44:55.0127 [main] CreateLog Successfully clicked on login
[INFO ] 2022-05-17 18:44:58.0815 [main] CreateLog successfully clicked on cart icon
[INFO ] 2022-05-17 18:45:00.0854 [main] CreateLog Item successfully verified in the cart
[INFO ] 2022-05-17 18:45:04.0794 [main] CreateLog Successfully Removed item from the cart 
[INFO ] 2022-05-17 18:58:18.0723 [main] CreateLog Successfully Hovered on login
[INFO ] 2022-05-17 18:58:20.0826 [main] CreateLog Successfully Hovered on login
[INFO ] 2022-05-17 18:58:27.0131 [main] CreateLog Successfully enterd email
[INFO ] 2022-05-17 18:58:29.0241 [main] CreateLog Successfully enterd password
[INFO ] 2022-05-17 18:58:32.0539 [main] CreateLog Successfully clicked on login
[INFO ] 2022-05-17 18:58:37.0749 [main] CreateLog Successfully Hovered on login
[INFO ] 2022-05-17 18:58:39.0858 [main] CreateLog Successfully Hovered on login
[INFO ] 2022-05-17 18:58:46.0031 [main] CreateLog Successfully enterd email
[INFO ] 2022-05-17 18:58:48.0149 [main] CreateLog Successfully enterd password
[INFO ] 2022-05-17 18:58:51.0170 [main] CreateLog Successfully clicked on login
[INFO ] 2022-05-17 18:58:53.0260 [main] CreateLog Successfully sent text into search bar
[INFO ] 2022-05-17 18:58:56.0506 [main] CreateLog Successfully clicked on search icon and navigated to result page
[INFO ] 2022-05-17 18:59:01.0172 [main] CreateLog Successfully selected the item
[INFO ] 2022-05-17 18:59:13.0603 [main] CreateLog item added to cart
[INFO ] 2022-05-17 18:59:24.0492 [main] CreateLog Successfully Hovered on login
[INFO ] 2022-05-17 18:59:26.0599 [main] CreateLog Successfully Hovered on login
[INFO ] 2022-05-17 18:59:32.0764 [main] CreateLog Successfully enterd email
[INFO ] 2022-05-17 18:59:34.0908 [main] CreateLog Successfully enterd password
[INFO ] 2022-05-17 18:59:37.0872 [main] CreateLog Successfully clicked on login
[INFO ] 2022-05-17 18:59:41.0443 [main] CreateLog successfully clicked on cart icon
[INFO ] 2022-05-17 18:59:43.0477 [main] CreateLog Item successfully verified in the cart
[INFO ] 2022-05-17 18:59:47.0972 [main] CreateLog Successfully Removed item from the cart 
[INFO ] 2022-05-17 18:59:53.0712 [main] CreateLog Successfully Hovered on login
[INFO ] 2022-05-17 18:59:55.0828 [main] CreateLog Successfully Hovered on login
[INFO ] 2022-05-17 19:00:01.0999 [main] CreateLog Successfully enterd email
[INFO ] 2022-05-17 19:00:04.0164 [main] CreateLog Successfully enterd password
[INFO ] 2022-05-17 19:00:07.0240 [main] CreateLog Successfully clicked on login
[INFO ] 2022-05-17 19:00:09.0395 [main] CreateLog Successfully Hovered on Mattresses section in HomePage
[INFO ] 2022-05-17 19:00:15.0866 [main] CreateLog Successfully clicked on studytable
[INFO ] 2022-05-17 19:00:17.0986 [main] CreateLog added to wishlist
[INFO ] 2022-05-17 20:32:09.0516 [main] CreateLog Successfully Hovered on login
[INFO ] 2022-05-17 20:32:11.0652 [main] CreateLog Successfully Hovered on login
[INFO ] 2022-05-17 20:32:17.0838 [main] CreateLog Successfully enterd email
[INFO ] 2022-05-17 20:32:19.0947 [main] CreateLog Successfully enterd password
[INFO ] 2022-05-17 20:32:23.0024 [main] CreateLog Successfully clicked on login
[INFO ] 2022-05-17 20:32:28.0540 [main] CreateLog Successfully Hovered on login
[INFO ] 2022-05-17 20:32:30.0667 [main] CreateLog Successfully Hovered on login
[INFO ] 2022-05-17 20:32:36.0849 [main] CreateLog Successfully enterd email
[INFO ] 2022-05-17 20:32:38.0967 [main] CreateLog Successfully enterd password
[INFO ] 2022-05-17 20:32:42.0005 [main] CreateLog Successfully clicked on login
[INFO ] 2022-05-17 20:32:44.0106 [main] CreateLog Successfully sent text into search bar
[INFO ] 2022-05-17 20:32:47.0234 [main] CreateLog Successfully clicked on search icon and navigated to result page
[INFO ] 2022-05-17 20:32:51.0454 [main] CreateLog Successfully selected the item
[INFO ] 2022-05-17 20:33:04.0650 [main] CreateLog item added to cart
[INFO ] 2022-05-17 20:33:15.0656 [main] CreateLog Successfully Hovered on login
[INFO ] 2022-05-17 20:33:17.0769 [main] CreateLog Successfully Hovered on login
[INFO ] 2022-05-17 20:33:23.0958 [main] CreateLog Successfully enterd email
[INFO ] 2022-05-17 20:33:26.0069 [main] CreateLog Successfully enterd password
[INFO ] 2022-05-17 20:33:29.0065 [main] CreateLog Successfully clicked on login
[INFO ] 2022-05-17 20:33:32.0221 [main] CreateLog successfully clicked on cart icon
[INFO ] 2022-05-17 20:33:34.0261 [main] CreateLog Item successfully verified in the cart
[INFO ] 2022-05-17 20:33:38.0215 [main] CreateLog Successfully Removed item from the cart 
[INFO ] 2022-05-17 20:33:44.0376 [main] CreateLog Successfully Hovered on login
[INFO ] 2022-05-17 20:33:46.0493 [main] CreateLog Successfully Hovered on login
[INFO ] 2022-05-17 20:33:52.0672 [main] CreateLog Successfully enterd email
[INFO ] 2022-05-17 20:33:54.0840 [main] CreateLog Successfully enterd password
[INFO ] 2022-05-17 20:33:57.0830 [main] CreateLog Successfully clicked on login
[INFO ] 2022-05-17 20:33:59.0982 [main] CreateLog Successfully Hovered on Mattresses section in HomePage
[INFO ] 2022-05-17 20:34:06.0149 [main] CreateLog Successfully clicked on studytable
[INFO ] 2022-05-17 20:34:08.0282 [main] CreateLog added to wishlist
[INFO ] 2022-05-17 20:34:14.0862 [main] CreateLog Successfully Hovered on login
[INFO ] 2022-05-17 20:34:16.0978 [main] CreateLog Successfully Hovered on login
[INFO ] 2022-05-17 20:34:23.0144 [main] CreateLog Successfully enterd email
[INFO ] 2022-05-17 20:34:25.0288 [main] CreateLog Successfully enterd password
[INFO ] 2022-05-17 20:34:28.0516 [main] CreateLog Successfully clicked on login
[INFO ] 2022-05-17 20:34:31.0276 [main] CreateLog Successfully clicked on wishlistIcon
[INFO ] 2022-05-17 20:34:33.0318 [main] CreateLog Item successfully verified in the wishlist
[INFO ] 2022-05-17 20:34:35.0420 [main] CreateLog Successfully removed item from wishlist
[INFO ] 2022-05-17 20:43:05.0398 [main] CreateLog Successfully Hovered on login
[INFO ] 2022-05-17 20:43:07.0534 [main] CreateLog Successfully Hovered on login
[INFO ] 2022-05-17 20:43:13.0715 [main] CreateLog Successfully enterd email
[INFO ] 2022-05-17 20:43:15.0815 [main] CreateLog Successfully enterd password
[INFO ] 2022-05-17 20:43:18.0915 [main] CreateLog Successfully clicked on login
[INFO ] 2022-05-17 20:43:24.0329 [main] CreateLog Successfully Hovered on login
[INFO ] 2022-05-17 20:43:26.0455 [main] CreateLog Successfully Hovered on login
[INFO ] 2022-05-17 20:43:32.0644 [main] CreateLog Successfully enterd email
[INFO ] 2022-05-17 20:43:34.0763 [main] CreateLog Successfully enterd password
[INFO ] 2022-05-17 20:43:38.0058 [main] CreateLog Successfully clicked on login
[INFO ] 2022-05-17 20:43:40.0158 [main] CreateLog Successfully sent text into search bar
[INFO ] 2022-05-17 20:43:43.0459 [main] CreateLog Successfully clicked on search icon and navigated to result page
[INFO ] 2022-05-17 20:43:48.0323 [main] CreateLog Successfully selected the item
[INFO ] 2022-05-17 20:44:00.0760 [main] CreateLog item added to cart
[INFO ] 2022-05-17 20:44:11.0732 [main] CreateLog Successfully Hovered on login
[INFO ] 2022-05-17 20:44:13.0845 [main] CreateLog Successfully Hovered on login
[INFO ] 2022-05-17 20:44:20.0018 [main] CreateLog Successfully enterd email
[INFO ] 2022-05-17 20:44:22.0133 [main] CreateLog Successfully enterd password
[INFO ] 2022-05-17 20:44:25.0235 [main] CreateLog Successfully clicked on login
[INFO ] 2022-05-17 20:44:28.0733 [main] CreateLog successfully clicked on cart icon
[INFO ] 2022-05-17 20:44:30.0768 [main] CreateLog Item successfully verified in the cart
[INFO ] 2022-05-17 20:44:35.0074 [main] CreateLog Successfully Removed item from the cart 
[INFO ] 2022-05-17 20:44:40.0792 [main] CreateLog Successfully Hovered on login
[INFO ] 2022-05-17 20:44:42.0903 [main] CreateLog Successfully Hovered on login
[INFO ] 2022-05-17 20:44:49.0075 [main] CreateLog Successfully enterd email
[INFO ] 2022-05-17 20:44:51.0200 [main] CreateLog Successfully enterd password
[INFO ] 2022-05-17 20:44:54.0190 [main] CreateLog Successfully clicked on login
[INFO ] 2022-05-17 20:44:56.0332 [main] CreateLog Successfully Hovered on Mattresses section in HomePage
[INFO ] 2022-05-17 20:45:02.0418 [main] CreateLog Successfully clicked on studytable
[INFO ] 2022-05-17 20:45:04.0573 [main] CreateLog added to wishlist
[INFO ] 2022-05-17 20:45:10.0822 [main] CreateLog Successfully Hovered on login
[INFO ] 2022-05-17 20:45:12.0942 [main] CreateLog Successfully Hovered on login
[INFO ] 2022-05-17 20:45:19.0123 [main] CreateLog Successfully enterd email
[INFO ] 2022-05-17 20:45:21.0244 [main] CreateLog Successfully enterd password
[INFO ] 2022-05-17 20:45:24.0347 [main] CreateLog Successfully clicked on login
[INFO ] 2022-05-17 20:45:27.0214 [main] CreateLog Successfully clicked on wishlistIcon
[INFO ] 2022-05-17 20:45:29.0249 [main] CreateLog Item successfully verified in the wishlist
[INFO ] 2022-05-17 20:45:31.0354 [main] CreateLog Successfully removed item from wishlist
[INFO ] 2022-05-17 20:45:38.0795 [main] CreateLog Successfully clicked on beds in explore section
[INFO ] 2022-05-17 20:45:40.0829 [main] CreateLog Text is successfully verified in the explore section
[INFO ] 2022-05-18 07:05:08.0740 [main] CreateLog Successfully Hovered on login
[INFO ] 2022-05-18 07:05:10.0871 [main] CreateLog Successfully Hovered on login
[INFO ] 2022-05-18 07:05:17.0063 [main] CreateLog Successfully enterd email
[INFO ] 2022-05-18 07:05:19.0159 [main] CreateLog Successfully enterd password
[INFO ] 2022-05-18 07:05:22.0145 [main] CreateLog Successfully clicked on login
[INFO ] 2022-05-18 07:05:27.0728 [main] CreateLog Successfully Hovered on login
[INFO ] 2022-05-18 07:05:29.0843 [main] CreateLog Successfully Hovered on login
[INFO ] 2022-05-18 07:05:36.0009 [main] CreateLog Successfully enterd email
[INFO ] 2022-05-18 07:05:38.0279 [main] CreateLog Successfully enterd password
[INFO ] 2022-05-18 07:05:41.0619 [main] CreateLog Successfully clicked on login
[INFO ] 2022-05-18 07:05:43.0709 [main] CreateLog Successfully sent text into search bar
[INFO ] 2022-05-18 07:05:47.0273 [main] CreateLog Successfully clicked on search icon and navigated to result page
[INFO ] 2022-05-18 07:05:51.0677 [main] CreateLog Successfully selected the item
[INFO ] 2022-05-18 07:06:05.0940 [main] CreateLog item added to cart
[INFO ] 2022-05-18 07:06:16.0934 [main] CreateLog Successfully Hovered on login
[INFO ] 2022-05-18 07:06:19.0046 [main] CreateLog Successfully Hovered on login
[INFO ] 2022-05-18 07:06:25.0228 [main] CreateLog Successfully enterd email
[INFO ] 2022-05-18 07:06:27.0404 [main] CreateLog Successfully enterd password
[INFO ] 2022-05-18 07:06:30.0249 [main] CreateLog Successfully clicked on login
[INFO ] 2022-05-18 07:06:34.0107 [main] CreateLog successfully clicked on cart icon
[INFO ] 2022-05-18 07:06:36.0143 [main] CreateLog Item successfully verified in the cart
[INFO ] 2022-05-18 07:06:40.0723 [main] CreateLog Successfully Removed item from the cart 
[INFO ] 2022-05-18 07:06:47.0261 [main] CreateLog Successfully Hovered on login
[INFO ] 2022-05-18 07:06:49.0381 [main] CreateLog Successfully Hovered on login
[INFO ] 2022-05-18 07:06:55.0663 [main] CreateLog Successfully enterd email
[INFO ] 2022-05-18 07:06:57.0773 [main] CreateLog Successfully enterd password
[INFO ] 2022-05-18 07:07:01.0575 [main] CreateLog Successfully clicked on login
[INFO ] 2022-05-18 07:07:03.0734 [main] CreateLog Successfully Hovered on Mattresses section in HomePage
[INFO ] 2022-05-18 07:07:09.0835 [main] CreateLog Successfully clicked on studytable
[INFO ] 2022-05-18 07:07:12.0024 [main] CreateLog added to wishlist
[INFO ] 2022-05-18 07:07:18.0716 [main] CreateLog Successfully Hovered on login
[INFO ] 2022-05-18 07:07:20.0827 [main] CreateLog Successfully Hovered on login
[INFO ] 2022-05-18 07:07:27.0288 [main] CreateLog Successfully enterd email
[INFO ] 2022-05-18 07:07:29.0582 [main] CreateLog Successfully enterd password
[INFO ] 2022-05-18 07:07:35.0784 [main] CreateLog Successfully clicked on login
[INFO ] 2022-05-18 07:07:42.0979 [main] CreateLog Successfully clicked on wishlistIcon
[INFO ] 2022-05-18 07:07:45.0091 [main] CreateLog Item successfully verified in the wishlist
[INFO ] 2022-05-18 07:07:48.0848 [main] CreateLog Successfully removed item from wishlist
[INFO ] 2022-05-18 07:08:16.0316 [main] CreateLog Successfully clicked on beds in explore section
[INFO ] 2022-05-18 07:08:18.0403 [main] CreateLog Text is successfully verified in the explore section
[INFO ] 2022-05-18 07:21:58.0366 [main] CreateLog Successfully Hovered on login
[INFO ] 2022-05-18 07:22:00.0472 [main] CreateLog Successfully Hovered on login
[INFO ] 2022-05-18 07:22:06.0642 [main] CreateLog Successfully enterd email
[INFO ] 2022-05-18 07:22:08.0758 [main] CreateLog Successfully enterd password
[INFO ] 2022-05-18 07:22:11.0885 [main] CreateLog Successfully clicked on login
[INFO ] 2022-05-18 07:22:17.0468 [main] CreateLog Successfully Hovered on login
[INFO ] 2022-05-18 07:22:19.0598 [main] CreateLog Successfully Hovered on login
[INFO ] 2022-05-18 07:22:25.0778 [main] CreateLog Successfully enterd email
[INFO ] 2022-05-18 07:22:28.0008 [main] CreateLog Successfully enterd password
[INFO ] 2022-05-18 07:22:31.0073 [main] CreateLog Successfully clicked on login
[INFO ] 2022-05-18 07:22:33.0165 [main] CreateLog Successfully sent text into search bar
[INFO ] 2022-05-18 07:22:36.0271 [main] CreateLog Successfully clicked on search icon and navigated to result page
[INFO ] 2022-05-18 07:22:40.0956 [main] CreateLog Successfully selected the item
[INFO ] 2022-05-18 07:22:54.0358 [main] CreateLog item added to cart
[INFO ] 2022-05-18 07:23:05.0656 [main] CreateLog Successfully Hovered on login
[INFO ] 2022-05-18 07:23:07.0772 [main] CreateLog Successfully Hovered on login
[INFO ] 2022-05-18 07:23:13.0948 [main] CreateLog Successfully enterd email
[INFO ] 2022-05-18 07:23:16.0233 [main] CreateLog Successfully enterd password
[INFO ] 2022-05-18 07:23:19.0329 [main] CreateLog Successfully clicked on login
[INFO ] 2022-05-18 07:23:22.0993 [main] CreateLog successfully clicked on cart icon
[INFO ] 2022-05-18 07:23:25.0026 [main] CreateLog Item successfully verified in the cart
[INFO ] 2022-05-18 07:23:29.0415 [main] CreateLog Successfully Removed item from the cart 
[INFO ] 2022-05-18 07:23:35.0143 [main] CreateLog Successfully Hovered on login
[INFO ] 2022-05-18 07:23:37.0260 [main] CreateLog Successfully Hovered on login
[INFO ] 2022-05-18 07:23:43.0429 [main] CreateLog Successfully enterd email
[INFO ] 2022-05-18 07:23:45.0545 [main] CreateLog Successfully enterd password
[INFO ] 2022-05-18 07:23:48.0690 [main] CreateLog Successfully clicked on login
[INFO ] 2022-05-18 07:23:50.0839 [main] CreateLog Successfully Hovered on Mattresses section in HomePage
[INFO ] 2022-05-18 07:23:57.0285 [main] CreateLog Successfully clicked on studytable
[INFO ] 2022-05-18 07:23:59.0397 [main] CreateLog added to wishlist
[INFO ] 2022-05-18 07:24:05.0374 [main] CreateLog Successfully Hovered on login
[INFO ] 2022-05-18 07:24:07.0480 [main] CreateLog Successfully Hovered on login
[INFO ] 2022-05-18 07:24:13.0654 [main] CreateLog Successfully enterd email
[INFO ] 2022-05-18 07:24:15.0775 [main] CreateLog Successfully enterd password
[INFO ] 2022-05-18 07:24:18.0808 [main] CreateLog Successfully clicked on login
[INFO ] 2022-05-18 07:24:22.0061 [main] CreateLog Successfully clicked on wishlistIcon
[INFO ] 2022-05-18 07:24:24.0097 [main] CreateLog Item successfully verified in the wishlist
[INFO ] 2022-05-18 07:24:26.0183 [main] CreateLog Successfully removed item from wishlist
[INFO ] 2022-05-18 07:24:33.0317 [main] CreateLog Successfully clicked on beds in explore section
[INFO ] 2022-05-18 07:24:35.0348 [main] CreateLog Text is successfully verified in the explore section
[INFO ] 2022-05-18 07:24:44.0020 [main] CreateLog Succefully clicked on GiftCards
[INFO ] 2022-05-18 07:24:46.0050 [main] CreateLog Successfully verified gift card page
[INFO ] 2022-05-18 07:44:38.0518 [main] CreateLog Successfully Hovered on login
[INFO ] 2022-05-18 07:44:40.0635 [main] CreateLog Successfully clicked on login
[INFO ] 2022-05-18 07:44:46.0821 [main] CreateLog Successfully enterd email
[INFO ] 2022-05-18 07:44:48.0918 [main] CreateLog Successfully enterd password
[INFO ] 2022-05-18 07:44:51.0907 [main] CreateLog Successfully clicked on login
[INFO ] 2022-05-18 07:44:57.0448 [main] CreateLog Successfully Hovered on login
[INFO ] 2022-05-18 07:44:59.0556 [main] CreateLog Successfully clicked on login
[INFO ] 2022-05-18 07:45:05.0729 [main] CreateLog Successfully enterd email
[INFO ] 2022-05-18 07:45:07.0861 [main] CreateLog Successfully enterd password
[INFO ] 2022-05-18 07:45:11.0017 [main] CreateLog Successfully clicked on login
[INFO ] 2022-05-18 07:45:13.0110 [main] CreateLog Successfully sent text into search bar
[INFO ] 2022-05-18 07:45:16.0285 [main] CreateLog Successfully clicked on search icon and navigated to result page
[INFO ] 2022-05-18 07:45:21.0476 [main] CreateLog Successfully selected the item
[INFO ] 2022-05-18 07:45:34.0168 [main] CreateLog item added to cart
[INFO ] 2022-05-18 07:45:45.0083 [main] CreateLog Successfully Hovered on login
[INFO ] 2022-05-18 07:45:47.0189 [main] CreateLog Successfully clicked on login
[INFO ] 2022-05-18 07:45:53.0358 [main] CreateLog Successfully enterd email
[INFO ] 2022-05-18 07:45:55.0474 [main] CreateLog Successfully enterd password
[INFO ] 2022-05-18 07:45:58.0741 [main] CreateLog Successfully clicked on login
[INFO ] 2022-05-18 07:46:03.0452 [main] CreateLog successfully clicked on cart icon
[INFO ] 2022-05-18 07:46:05.0483 [main] CreateLog Item successfully verified in the cart
[INFO ] 2022-05-18 07:46:09.0950 [main] CreateLog Successfully Removed item from the cart 
[INFO ] 2022-05-18 07:46:16.0018 [main] CreateLog Successfully Hovered on login
[INFO ] 2022-05-18 07:46:18.0118 [main] CreateLog Successfully clicked on login
[INFO ] 2022-05-18 07:46:24.0360 [main] CreateLog Successfully enterd email
[INFO ] 2022-05-18 07:46:26.0544 [main] CreateLog Successfully enterd password
[INFO ] 2022-05-18 07:46:29.0642 [main] CreateLog Successfully clicked on login
[INFO ] 2022-05-18 07:46:31.0785 [main] CreateLog Successfully Hovered on studys section in HomePage
[INFO ] 2022-05-18 07:46:38.0357 [main] CreateLog Successfully clicked on studytable
[INFO ] 2022-05-18 07:46:40.0482 [main] CreateLog added to wishlist
[INFO ] 2022-05-18 07:46:46.0256 [main] CreateLog Successfully Hovered on login
[INFO ] 2022-05-18 07:46:48.0366 [main] CreateLog Successfully clicked on login
[INFO ] 2022-05-18 07:46:54.0554 [main] CreateLog Successfully enterd email
[INFO ] 2022-05-18 07:46:56.0684 [main] CreateLog Successfully enterd password
[INFO ] 2022-05-18 07:47:00.0009 [main] CreateLog Successfully clicked on login
[INFO ] 2022-05-18 07:47:02.0698 [main] CreateLog Successfully clicked on wishlistIcon
[INFO ] 2022-05-18 07:47:04.0733 [main] CreateLog Item successfully verified in the wishlist
[INFO ] 2022-05-18 07:47:06.0820 [main] CreateLog Successfully removed item from wishlist
[INFO ] 2022-05-18 07:47:13.0555 [main] CreateLog Successfully clicked on beds in explore section
[INFO ] 2022-05-18 07:47:15.0612 [main] CreateLog Text is successfully verified in the explore section
[INFO ] 2022-05-18 07:47:23.0085 [main] CreateLog Succefully clicked on GiftCards
[INFO ] 2022-05-18 07:47:25.0118 [main] CreateLog Successfully verified gift card page
[INFO ] 2022-05-18 07:47:32.0942 [main] CreateLog Successfully Hovered on login
[INFO ] 2022-05-18 07:47:35.0048 [main] CreateLog Successfully clicked on login
[INFO ] 2022-05-18 07:47:41.0217 [main] CreateLog Successfully enterd email
[INFO ] 2022-05-18 07:47:43.0330 [main] CreateLog Successfully enterd password
[INFO ] 2022-05-18 07:47:46.0432 [main] CreateLog Successfully clicked on login
[INFO ] 2022-05-18 07:47:48.0535 [main] CreateLog Successfully clicked docker section
[INFO ] 2022-05-18 07:47:52.0065 [main] CreateLog Successfully clicked on wall mirror in decor dropdown 
[INFO ] 2022-05-18 07:47:54.0227 [main] CreateLog Successfully hovered on product1
[INFO ] 2022-05-18 07:47:56.0352 [main] CreateLog Successfully added product1 to compare
[INFO ] 2022-05-18 08:10:02.0739 [main] CreateLog Successfully Hovered on login
[INFO ] 2022-05-18 08:10:04.0882 [main] CreateLog Successfully clicked on login
[INFO ] 2022-05-18 08:10:11.0118 [main] CreateLog Successfully enterd email
[INFO ] 2022-05-18 08:10:13.0222 [main] CreateLog Successfully enterd password
[INFO ] 2022-05-18 08:10:17.0326 [main] CreateLog Successfully clicked on login
[INFO ] 2022-05-18 08:10:22.0882 [main] CreateLog Successfully Hovered on login
[INFO ] 2022-05-18 08:10:24.0992 [main] CreateLog Successfully clicked on login
[INFO ] 2022-05-18 08:10:31.0208 [main] CreateLog Successfully enterd email
[INFO ] 2022-05-18 08:10:33.0332 [main] CreateLog Successfully enterd password
[INFO ] 2022-05-18 08:10:36.0565 [main] CreateLog Successfully clicked on login
[INFO ] 2022-05-18 08:10:38.0670 [main] CreateLog Successfully sent text into search bar
[INFO ] 2022-05-18 08:10:41.0726 [main] CreateLog Successfully clicked on search icon and navigated to result page
[INFO ] 2022-05-18 08:10:46.0517 [main] CreateLog Successfully selected the item
[INFO ] 2022-05-18 08:11:02.0559 [main] CreateLog item added to cart
[INFO ] 2022-05-18 08:11:14.0965 [main] CreateLog Successfully Hovered on login
[INFO ] 2022-05-18 08:11:17.0082 [main] CreateLog Successfully clicked on login
[INFO ] 2022-05-18 08:11:23.0257 [main] CreateLog Successfully enterd email
[INFO ] 2022-05-18 08:11:25.0403 [main] CreateLog Successfully enterd password
[INFO ] 2022-05-18 08:11:29.0270 [main] CreateLog Successfully clicked on login
[INFO ] 2022-05-18 08:11:32.0630 [main] CreateLog successfully clicked on cart icon
[INFO ] 2022-05-18 08:11:34.0662 [main] CreateLog Item successfully verified in the cart
[INFO ] 2022-05-18 08:11:39.0209 [main] CreateLog Successfully Removed item from the cart 
[INFO ] 2022-05-18 08:11:45.0270 [main] CreateLog Successfully Hovered on login
[INFO ] 2022-05-18 08:11:47.0377 [main] CreateLog Successfully clicked on login
[INFO ] 2022-05-18 08:11:53.0546 [main] CreateLog Successfully enterd email
[INFO ] 2022-05-18 08:11:55.0678 [main] CreateLog Successfully enterd password
[INFO ] 2022-05-18 08:11:59.0874 [main] CreateLog Successfully clicked on login
[INFO ] 2022-05-18 08:12:02.0028 [main] CreateLog Successfully Hovered on studys section in HomePage
[INFO ] 2022-05-18 08:12:08.0305 [main] CreateLog Successfully clicked on studytable
[INFO ] 2022-05-18 08:12:10.0429 [main] CreateLog added to wishlist
[INFO ] 2022-05-18 08:12:18.0435 [main] CreateLog Successfully Hovered on login
[INFO ] 2022-05-18 08:12:20.0541 [main] CreateLog Successfully clicked on login
[INFO ] 2022-05-18 08:12:26.0718 [main] CreateLog Successfully enterd email
[INFO ] 2022-05-18 08:12:28.0860 [main] CreateLog Successfully enterd password
[INFO ] 2022-05-18 08:12:31.0975 [main] CreateLog Successfully clicked on login
[INFO ] 2022-05-18 08:12:35.0300 [main] CreateLog Successfully clicked on wishlistIcon
[INFO ] 2022-05-18 08:12:37.0334 [main] CreateLog Item successfully verified in the wishlist
[INFO ] 2022-05-18 08:12:39.0425 [main] CreateLog Successfully removed item from wishlist
[INFO ] 2022-05-18 08:12:47.0422 [main] CreateLog Successfully clicked on beds in explore section
[INFO ] 2022-05-18 08:12:49.0454 [main] CreateLog Text is successfully verified in the explore section
[INFO ] 2022-05-18 08:12:58.0436 [main] CreateLog Succefully clicked on GiftCards
[INFO ] 2022-05-18 08:13:00.0466 [main] CreateLog Successfully verified gift card page
[INFO ] 2022-05-18 08:13:07.0830 [main] CreateLog Successfully Hovered on login
[INFO ] 2022-05-18 08:13:09.0933 [main] CreateLog Successfully clicked on login
[INFO ] 2022-05-18 08:13:16.0109 [main] CreateLog Successfully enterd email
[INFO ] 2022-05-18 08:13:18.0227 [main] CreateLog Successfully enterd password
[INFO ] 2022-05-18 08:13:21.0172 [main] CreateLog Successfully clicked on login
[INFO ] 2022-05-18 08:13:23.0261 [main] CreateLog Successfully clicked docker section
[INFO ] 2022-05-18 08:13:26.0268 [main] CreateLog Successfully clicked on wall mirror in decor dropdown 
[INFO ] 2022-05-18 08:13:28.0450 [main] CreateLog Successfully hovered on product1
[INFO ] 2022-05-18 08:13:30.0583 [main] CreateLog Successfully added product1 to compare
[INFO ] 2022-05-18 08:13:37.0358 [main] CreateLog Successfully clicked on About Us
[INFO ] 2022-05-18 08:13:43.0084 [main] CreateLog Succefully clicked on Ship and Delivery
[INFO ] 2022-05-18 08:13:45.0121 [main] CreateLog Successfully verified ship and delivery page
[INFO ] 2022-05-18 12:09:15.0474 [main] CreateLog Successfully Hovered on login
[INFO ] 2022-05-18 12:09:17.0581 [main] CreateLog Successfully clicked on login
[INFO ] 2022-05-18 12:09:23.0795 [main] CreateLog Successfully enterd email
[INFO ] 2022-05-18 12:09:25.0896 [main] CreateLog Successfully enterd password
[INFO ] 2022-05-18 12:09:29.0140 [main] CreateLog Successfully clicked on login
[INFO ] 2022-05-18 12:09:34.0775 [main] CreateLog Successfully Hovered on login
[INFO ] 2022-05-18 12:09:36.0898 [main] CreateLog Successfully clicked on login
[INFO ] 2022-05-18 12:09:43.0077 [main] CreateLog Successfully enterd email
[INFO ] 2022-05-18 12:09:45.0257 [main] CreateLog Successfully enterd password
[INFO ] 2022-05-18 12:09:48.0397 [main] CreateLog Successfully clicked on login
[INFO ] 2022-05-18 12:09:50.0515 [main] CreateLog Successfully sent text into search bar
[INFO ] 2022-05-18 12:09:53.0817 [main] CreateLog Successfully clicked on search icon and navigated to result page
[INFO ] 2022-05-18 12:09:58.0655 [main] CreateLog Successfully selected the item
[INFO ] 2022-05-18 12:10:11.0593 [main] CreateLog item added to cart
[INFO ] 2022-05-18 12:10:22.0798 [main] CreateLog Successfully Hovered on login
[INFO ] 2022-05-18 12:10:24.0928 [main] CreateLog Successfully clicked on login
[INFO ] 2022-05-18 12:10:31.0166 [main] CreateLog Successfully enterd email
[INFO ] 2022-05-18 12:10:33.0299 [main] CreateLog Successfully enterd password
[INFO ] 2022-05-18 12:10:36.0659 [main] CreateLog Successfully clicked on login
[INFO ] 2022-05-18 12:10:40.0695 [main] CreateLog successfully clicked on cart icon
[INFO ] 2022-05-18 12:10:42.0731 [main] CreateLog Item successfully verified in the cart
[INFO ] 2022-05-18 12:10:46.0685 [main] CreateLog Successfully Removed item from the cart 
[INFO ] 2022-05-18 12:10:53.0047 [main] CreateLog Successfully Hovered on login
[INFO ] 2022-05-18 12:10:55.0192 [main] CreateLog Successfully clicked on login
[INFO ] 2022-05-18 12:11:01.0369 [main] CreateLog Successfully enterd email
[INFO ] 2022-05-18 12:11:03.0546 [main] CreateLog Successfully enterd password
[INFO ] 2022-05-18 12:11:06.0687 [main] CreateLog Successfully clicked on login
[INFO ] 2022-05-18 12:11:08.0844 [main] CreateLog Successfully Hovered on studys section in HomePage
[INFO ] 2022-05-18 12:11:14.0979 [main] CreateLog Successfully clicked on studytable
[INFO ] 2022-05-18 12:11:17.0119 [main] CreateLog added to wishlist
[INFO ] 2022-05-18 12:11:23.0338 [main] CreateLog Successfully Hovered on login
[INFO ] 2022-05-18 12:11:25.0453 [main] CreateLog Successfully clicked on login
[INFO ] 2022-05-18 12:11:31.0641 [main] CreateLog Successfully enterd email
[INFO ] 2022-05-18 12:11:33.0771 [main] CreateLog Successfully enterd password
[INFO ] 2022-05-18 12:11:36.0895 [main] CreateLog Successfully clicked on login
[INFO ] 2022-05-18 12:11:39.0637 [main] CreateLog Successfully clicked on wishlistIcon
[INFO ] 2022-05-18 12:11:41.0678 [main] CreateLog Item successfully verified in the wishlist
[INFO ] 2022-05-18 12:11:43.0768 [main] CreateLog Successfully removed item from wishlist
[INFO ] 2022-05-18 12:11:51.0172 [main] CreateLog Successfully clicked on beds in explore section
[INFO ] 2022-05-18 12:11:53.0206 [main] CreateLog Text is successfully verified in the explore section
[INFO ] 2022-05-18 12:12:02.0120 [main] CreateLog Succefully clicked on GiftCards
[INFO ] 2022-05-18 12:12:04.0253 [main] CreateLog Successfully verified gift card page
[INFO ] 2022-05-18 12:12:11.0918 [main] CreateLog Successfully Hovered on login
[INFO ] 2022-05-18 12:12:14.0028 [main] CreateLog Successfully clicked on login
[INFO ] 2022-05-18 12:12:20.0347 [main] CreateLog Successfully enterd email
[INFO ] 2022-05-18 12:12:22.0475 [main] CreateLog Successfully enterd password
[INFO ] 2022-05-18 12:12:25.0489 [main] CreateLog Successfully clicked on login
[INFO ] 2022-05-18 12:12:27.0592 [main] CreateLog Successfully clicked docker section
[INFO ] 2022-05-18 12:12:30.0826 [main] CreateLog Successfully clicked on wall mirror in decor dropdown 
[INFO ] 2022-05-18 12:12:32.0984 [main] CreateLog Successfully hovered on product1
[INFO ] 2022-05-18 12:12:35.0122 [main] CreateLog Successfully added product1 to compare
[INFO ] 2022-05-18 12:12:41.0418 [main] CreateLog Successfully clicked on About Us
[INFO ] 2022-05-18 12:12:47.0238 [main] CreateLog Succefully clicked on Ship and Delivery
[INFO ] 2022-05-18 12:12:49.0274 [main] CreateLog Successfully verified ship and delivery page
[INFO ] 2022-05-18 16:07:08.0496 [main] CreateLog Successfully Hovered on login
[INFO ] 2022-05-18 16:07:10.0618 [main] CreateLog Successfully clicked on login
[INFO ] 2022-05-18 16:07:16.0967 [main] CreateLog Successfully enterd email
[INFO ] 2022-05-18 16:07:19.0069 [main] CreateLog Successfully enterd password
[INFO ] 2022-05-18 16:07:22.0394 [main] CreateLog Successfully clicked on login
[INFO ] 2022-05-18 16:07:27.0802 [main] CreateLog Successfully Hovered on login
[INFO ] 2022-05-18 16:07:29.0917 [main] CreateLog Successfully clicked on login
[INFO ] 2022-05-18 16:07:36.0100 [main] CreateLog Successfully enterd email
[INFO ] 2022-05-18 16:07:38.0223 [main] CreateLog Successfully enterd password
[INFO ] 2022-05-18 16:07:41.0496 [main] CreateLog Successfully clicked on login
[INFO ] 2022-05-18 16:07:43.0593 [main] CreateLog Successfully sent text into search bar
[INFO ] 2022-05-18 16:07:46.0663 [main] CreateLog Successfully clicked on search icon and navigated to result page
[INFO ] 2022-05-18 16:07:51.0328 [main] CreateLog Successfully selected the item
[INFO ] 2022-05-18 16:08:04.0470 [main] CreateLog item added to cart
[INFO ] 2022-05-18 16:08:15.0673 [main] CreateLog Successfully Hovered on login
[INFO ] 2022-05-18 16:08:21.0823 [main] CreateLog Successfully Hovered on login
[INFO ] 2022-05-18 16:08:23.0937 [main] CreateLog Successfully clicked on login
[INFO ] 2022-05-18 16:08:30.0124 [main] CreateLog Successfully enterd email
[INFO ] 2022-05-18 16:08:32.0297 [main] CreateLog Successfully enterd password
[INFO ] 2022-05-18 16:08:35.0356 [main] CreateLog Successfully clicked on login
[INFO ] 2022-05-18 16:08:37.0541 [main] CreateLog Successfully Hovered on studys section in HomePage
[INFO ] 2022-05-18 16:08:44.0083 [main] CreateLog Successfully clicked on studytable
[INFO ] 2022-05-18 16:08:46.0231 [main] CreateLog added to wishlist
[INFO ] 2022-05-18 16:08:52.0142 [main] CreateLog Successfully Hovered on login
[INFO ] 2022-05-18 16:08:54.0272 [main] CreateLog Successfully clicked on login
[INFO ] 2022-05-18 16:09:00.0450 [main] CreateLog Successfully enterd email
[INFO ] 2022-05-18 16:09:02.0568 [main] CreateLog Successfully enterd password
[INFO ] 2022-05-18 16:09:06.0204 [main] CreateLog Successfully clicked on login
[INFO ] 2022-05-18 16:09:09.0256 [main] CreateLog Successfully clicked on wishlistIcon
[INFO ] 2022-05-18 16:09:11.0294 [main] CreateLog Item successfully verified in the wishlist
[INFO ] 2022-05-18 16:09:13.0398 [main] CreateLog Successfully removed item from wishlist
[INFO ] 2022-05-18 16:09:20.0051 [main] CreateLog Successfully clicked on beds in explore section
[INFO ] 2022-05-18 16:09:22.0087 [main] CreateLog Text is successfully verified in the explore section
[INFO ] 2022-05-18 16:09:29.0563 [main] CreateLog Succefully clicked on GiftCards
[INFO ] 2022-05-18 16:09:31.0594 [main] CreateLog Successfully verified gift card page
[INFO ] 2022-05-18 16:09:39.0340 [main] CreateLog Successfully Hovered on login
[INFO ] 2022-05-18 16:09:41.0458 [main] CreateLog Successfully clicked on login
[INFO ] 2022-05-18 16:09:47.0623 [main] CreateLog Successfully enterd email
[INFO ] 2022-05-18 16:09:49.0794 [main] CreateLog Successfully enterd password
[INFO ] 2022-05-18 16:09:52.0748 [main] CreateLog Successfully clicked on login
[INFO ] 2022-05-18 16:09:54.0853 [main] CreateLog Successfully clicked docker section
[INFO ] 2022-05-18 16:09:58.0131 [main] CreateLog Successfully clicked on wall mirror in decor dropdown 
[INFO ] 2022-05-18 16:10:00.0315 [main] CreateLog Successfully hovered on product1
[INFO ] 2022-05-18 16:10:02.0445 [main] CreateLog Successfully added product1 to compare
[INFO ] 2022-05-18 16:10:08.0822 [main] CreateLog Successfully clicked on About Us
[INFO ] 2022-05-18 16:10:15.0123 [main] CreateLog Succefully clicked on Ship and Delivery
[INFO ] 2022-05-18 16:10:17.0158 [main] CreateLog Successfully verified ship and delivery page
